<?xml version="1.0" encoding="UTF-8"?>
<!-- Generated by org.testng.reporters.JUnitReportReporter -->
<testsuite hostname="FVFHXJ38Q6LR" failures="0" tests="3" name="tamilman.mani" time="0.761" errors="0" timestamp="2023-05-02T16:10:51 IST" skipped="0">
  <testcase classname="tamilman.mani" name="GetURl" time="0.032"/>
  <system-out/>
  <testcase classname="tamilman.mani" name="GetWindowhandle" time="0.005"/>
  <system-out/>
  <testcase classname="tamilman.mani" name="GetTitle" time="0.724"/>
  <system-out/>
</testsuite> <!-- tamilman.mani -->
